<?xml version="1.0" encoding="UTF-8"?>
<!-- Generated by org.testng.reporters.JUnitReportReporter -->
<testsuite skipped="0" hostname="HP" name="Selenium.DemoTest" tests="2" failures="0" timestamp="2021-07-02T17:04:05 IST" time="21.773" errors="0">
  <testcase name="flightTest" time="14.308" classname="Selenium.DemoTest"/>
  <system-out/>
  <testcase name="flightTest" time="7.465" classname="Selenium.DemoTest"/>
  <system-out/>
</testsuite> <!-- Selenium.DemoTest -->
